-------------------------------------------------------------------------------
Test set: com.greedy.woodong.WoodongProjectApplicationTests
-------------------------------------------------------------------------------
Tests run: 1, Failures: 0, Errors: 1, Skipped: 0, Time elapsed: 0.368 s <<< FAILURE! - in com.greedy.woodong.WoodongProjectApplicationTests
com.greedy.woodong.WoodongProjectApplicationTests  Time elapsed: 0.367 s  <<< ERROR!
java.lang.IllegalStateException: Unable to find a @SpringBootConfiguration, you need to use @ContextConfiguration or @SpringBootTest(classes=...) with your test

