<?xml version="1.0" encoding="UTF-8"?>
<testsuite xmlns:xsi="http://www.w3.org/2001/XMLSchema-instance" xsi:noNamespaceSchemaLocation="https://maven.apache.org/surefire/maven-surefire-plugin/xsd/surefire-test-report.xsd" name="com.greedy.woodong.WoodongProjectApplicationTests" time="0.368" tests="1" errors="1" skipped="0" failures="0">
  <properties>
[...]
</properties>
  <testcase name="com.greedy.woodong.WoodongProjectApplicationTests" classname="com.greedy.woodong.WoodongProjectApplicationTests" time="0.367">
    <error message="Unable to find a @SpringBootConfiguration, you need to use @ContextConfiguration or @SpringBootTest(classes=...) with your test" type="java.lang.IllegalStateException">java.lang.IllegalStateException: Unable to find a @SpringBootConfiguration, you need to use @ContextConfiguration or @SpringBootTest(classes=...) with your test
</error>
    <system-out><![CDATA[20:17:33.831 [main] DEBUG org.springframework.test.context.BootstrapUtils - Instantiating CacheAwareContextLoaderDelegate from class [org.springframework.test.context.cache.DefaultCacheAwareContextLoaderDelegate]
20:17:33.849 [main] DEBUG org.springframework.test.context.BootstrapUtils - Instantiating BootstrapContext using constructor [public org.springframework.test.context.support.DefaultBootstrapContext(java.lang.Class,org.springframework.test.context.CacheAwareContextLoaderDelegate)]
20:17:33.908 [main] DEBUG org.springframework.test.context.BootstrapUtils - Instantiating TestContextBootstrapper for test class [com.greedy.woodong.WoodongProjectApplicationTests] from class [org.springframework.boot.test.context.SpringBootTestContextBootstrapper]
20:17:33.924 [main] INFO org.springframework.boot.test.context.SpringBootTestContextBootstrapper - Neither @ContextConfiguration nor @ContextHierarchy found for test class [com.greedy.woodong.WoodongProjectApplicationTests], using SpringBootContextLoader
20:17:33.928 [main] DEBUG org.springframework.test.context.support.AbstractContextLoader - Did not detect default resource location for test class [com.greedy.woodong.WoodongProjectApplicationTests]: class path resource [com/greedy/woodong/WoodongProjectApplicationTests-context.xml] does not exist
20:17:33.929 [main] DEBUG org.springframework.test.context.support.AbstractContextLoader - Did not detect default resource location for test class [com.greedy.woodong.WoodongProjectApplicationTests]: class path resource [com/greedy/woodong/WoodongProjectApplicationTestsContext.groovy] does not exist
20:17:33.929 [main] INFO org.springframework.test.context.support.AbstractContextLoader - Could not detect default resource locations for test class [com.greedy.woodong.WoodongProjectApplicationTests]: no resource found for suffixes {-context.xml, Context.groovy}.
20:17:33.930 [main] INFO org.springframework.test.context.support.AnnotationConfigContextLoaderUtils - Could not detect default configuration classes for test class [com.greedy.woodong.WoodongProjectApplicationTests]: WoodongProjectApplicationTests does not declare any static, non-private, non-final, nested classes annotated with @Configuration.
20:17:33.998 [main] DEBUG org.springframework.test.context.support.ActiveProfilesUtils - Could not find an 'annotation declaring class' for annotation type [org.springframework.test.context.ActiveProfiles] and class [com.greedy.woodong.WoodongProjectApplicationTests]
]]></system-out>
  </testcase>
</testsuite>